Mon Jun 12 2017 10:40:54 
Mon Jun 12 2017 10:40:58 
Mon Jun 12 2017 10:41:02 
Mon Jun 12 2017 10:46:17 
Mon Jun 12 2017 10:46:21 
Mon Jun 12 2017 10:46:25 
Mon Jun 12 2017 10:47:25 
Mon Jun 12 2017 10:47:29 
Mon Jun 12 2017 10:47:33 
Mon Jun 12 2017 10:50:51 
Mon Jun 12 2017 10:50:55 
Mon Jun 12 2017 10:52:16 
Mon Jun 12 2017 10:52:21 
Mon Jun 12 2017 10:52:25 
Mon Jun 12 2017 10:54:12 
Mon Jun 12 2017 10:54:16 
Mon Jun 12 2017 10:54:20 
Mon Jun 12 2017 10:58:29 
Mon Jun 12 2017 10:58:33 
Mon Jun 12 2017 10:58:37 
Mon Jun 12 2017 10:59:54 
Mon Jun 12 2017 10:59:58 
Mon Jun 12 2017 11:00:02 
Mon Jun 12 2017 11:01:41 
Mon Jun 12 2017 11:01:45 
Mon Jun 12 2017 11:01:49 
Mon Jun 12 2017 11:03:47 
Mon Jun 12 2017 11:03:51 
Mon Jun 12 2017 11:03:55 
Mon Jun 26 2017 14:45:27 
Mon Jun 26 2017 14:45:31 
Mon Jun 26 2017 14:45:35 
Wed Jun 28 2017 21:11:24 
Wed Jun 28 2017 21:17:00 
Wed Jun 28 2017 21:17:04 
Wed Jun 28 2017 21:17:08 
Wed Jun 28 2017 21:24:52 
Wed Jun 28 2017 21:32:18 
Wed Jun 28 2017 21:32:22 
Wed Jun 28 2017 21:32:26 
Wed Jun 28 2017 21:35:41 
Wed Jun 28 2017 21:35:45 
Wed Jun 28 2017 21:35:49 
Wed Jun 28 2017 21:37:50 
Wed Jun 28 2017 21:37:54 
Wed Jun 28 2017 21:37:58 
Wed Jun 28 2017 22:51:40 
Wed Jun 28 2017 22:51:44 
Thu Jun 29 2017 08:35:52 
Thu Jun 29 2017 08:35:56 
Thu Jun 29 2017 08:38:57 
Thu Jun 29 2017 08:39:01 
Thu Jun 29 2017 08:39:05 
Thu Aug 17 2017 21:13:47 
Thu Aug 17 2017 21:13:51 
Thu Aug 17 2017 22:43:44 
Wed Aug 30 2017 22:25:08 
Wed Aug 30 2017 22:25:12 
Thu Aug 31 2017 00:49:52 
Mon Oct 23 2017 13:33:45 
Mon Oct 23 2017 13:33:49 
Mon Oct 23 2017 13:36:50 
Mon Oct 23 2017 13:36:54 
Mon Oct 23 2017 13:36:58 
Mon Oct 23 2017 13:40:01 
Mon Oct 23 2017 13:48:33 
Mon Oct 23 2017 13:48:43 
Mon Oct 23 2017 13:51:08 
Mon Oct 23 2017 13:51:12 
Mon Oct 23 2017 13:51:16 
Mon Oct 23 2017 13:52:49 
Mon Oct 23 2017 13:52:53 
Mon Oct 23 2017 13:52:58 
Mon Oct 23 2017 13:54:15 
Mon Oct 23 2017 13:54:25 
Mon Oct 23 2017 13:54:35 
Mon Oct 23 2017 14:03:25 
Mon Oct 23 2017 14:03:35 
Mon Oct 23 2017 14:03:45 
Mon Oct 23 2017 14:10:01 
Mon Oct 23 2017 14:10:11 
Mon Oct 23 2017 14:10:21 
Mon Oct 23 2017 14:18:26 
Mon Oct 23 2017 14:18:36 
Mon Oct 23 2017 14:18:46 
Mon Oct 23 2017 14:30:10 
Mon Oct 23 2017 14:30:20 
Mon Oct 23 2017 14:30:30 
Mon Oct 23 2017 19:59:27 
Mon Oct 23 2017 19:59:37 
Mon Oct 23 2017 19:59:47 
Mon Oct 23 2017 21:30:02 
Mon Oct 23 2017 21:30:12 
Mon Oct 23 2017 21:30:22 
Tue Oct 24 2017 11:37:32 
Tue Oct 24 2017 11:37:42 
Tue Oct 24 2017 11:37:52 
Tue Oct 24 2017 20:17:40 
Tue Oct 24 2017 20:17:50 
Tue Oct 24 2017 20:59:25 
Tue Oct 24 2017 21:06:56 
Tue Oct 24 2017 21:07:06 
Tue Oct 24 2017 21:07:16 
Wed Oct 25 2017 11:12:52 
Wed Oct 25 2017 11:13:02 
Wed Oct 25 2017 11:31:30 
Wed Oct 25 2017 11:31:41 
Wed Oct 25 2017 11:31:51 
Wed Oct 25 2017 11:39:57 
Wed Oct 25 2017 11:40:08 
Wed Oct 25 2017 11:40:18 
Wed Oct 25 2017 11:43:55 
Wed Oct 25 2017 11:44:06 
Wed Oct 25 2017 11:44:16 
Wed Oct 25 2017 11:54:19 
Wed Oct 25 2017 11:54:29 
Wed Oct 25 2017 11:54:39 
Wed Oct 25 2017 13:53:13 
Wed Oct 25 2017 13:53:23 
Wed Oct 25 2017 13:53:34 
Tue Oct 31 2017 12:04:50 
Tue Oct 31 2017 13:44:47 
Tue Oct 31 2017 13:45:15 
Tue Oct 31 2017 13:45:17 
Tue Oct 31 2017 13:45:19 
Tue Oct 31 2017 13:48:29 
Tue Oct 31 2017 13:48:31 
Tue Oct 31 2017 13:48:35 
Tue Oct 31 2017 13:51:07 
Tue Oct 31 2017 13:51:09 
Tue Oct 31 2017 13:53:24 
Tue Oct 31 2017 13:53:26 
Tue Oct 31 2017 13:53:28 
Tue Oct 31 2017 13:54:21 
Tue Oct 31 2017 13:54:23 
Tue Oct 31 2017 13:54:25 
Tue Oct 31 2017 13:56:49 
Tue Oct 31 2017 13:57:20 
Tue Oct 31 2017 13:57:22 
Tue Oct 31 2017 13:57:24 
Tue Oct 31 2017 14:00:23 
Tue Oct 31 2017 14:00:25 
Tue Oct 31 2017 14:02:22 
Tue Oct 31 2017 14:02:24 
Tue Oct 31 2017 14:02:27 
Tue Oct 31 2017 14:03:48 
Tue Oct 31 2017 14:03:51 
Tue Oct 31 2017 14:04:48 
Tue Oct 31 2017 14:04:50 
Tue Oct 31 2017 14:04:52 
Tue Oct 31 2017 14:06:14 
Tue Oct 31 2017 14:06:16 
Wed Nov 01 2017 11:41:59 
Wed Nov 01 2017 11:41:59 
Wed Nov 01 2017 11:42:01 
Wed Nov 01 2017 11:42:03 
Wed Nov 01 2017 11:43:03 
Wed Nov 01 2017 11:43:05 
